<?xml version="1.0" encoding="UTF-8"?>
<!-- Generated by org.testng.reporters.JUnitXMLReporter -->
<testsuite hostname="DESKTOP-8FDCMHT" ignored="0" name="Free CRM App Test Cases" tests="7" failures="0" timestamp="2022-04-13T23:34:09 IST" time="116.725" errors="0">
  <testcase name="getScreenshot" time="0.842" classname="com.qa.test.ScreenShotTest"/>
  <testcase name="stringOpeartion" time="0.008" classname="com.qa.test.StringDublicateTest"/>
  <testcase name="stringReverseTest" time="0.005" classname="com.qa.test.StringReverse"/>
  <testcase name="RegistrationPageTest" time="4.055" classname="com.qa.test.DataDrivenTests"/>
  <testcase name="RegistrationPageTest" time="6.376" classname="com.qa.test.DataDrivenTests"/>
  <testcase name="RegistrationPageTest" time="4.22" classname="com.qa.test.DataDrivenTests"/>
  <testcase name="RegistrationPageTest" time="4.202" classname="com.qa.test.DataDrivenTests"/>
</testsuite> <!-- Free CRM App Test Cases -->
