<?xml version="1.0" encoding="UTF-8"?>
<testng-results skipped="0" failed="0" ignored="0" total="7" passed="7">
  <reporter-output>
  </reporter-output>
  <suite name="FREE CRM Application Test Automation Test Suite" duration-ms="116725" started-at="2022-04-13T23:32:11 IST" finished-at="2022-04-13T23:34:08 IST">
    <groups>
    </groups>
    <test name="Free CRM App Test Cases" duration-ms="116725" started-at="2022-04-13T23:32:11 IST" finished-at="2022-04-13T23:34:08 IST">
      <class name="com.qa.test.DataDrivenTests">
        <test-method status="PASS" signature="setUp()[pri:0, instance:com.qa.test.DataDrivenTests@51b279c9]" name="setUp" is-config="true" duration-ms="20649" started-at="2022-04-13T23:32:30 IST" finished-at="2022-04-13T23:32:51 IST">
          <reporter-output>
          </reporter-output>
        </test-method> <!-- setUp -->
        <test-method status="PASS" signature="RegistrationPageTest(java.lang.String,java.lang.String,java.lang.String,java.lang.String,java.lang.String,java.lang.String,java.lang.String)[pri:0, instance:com.qa.test.DataDrivenTests@51b279c9]" name="RegistrationPageTest" duration-ms="4055" started-at="2022-04-13T23:32:51 IST" data-provider="gettingTestdata" finished-at="2022-04-13T23:32:55 IST">
          <params>
            <param index="0">
              <value>
                <![CDATA[ragini]]>
              </value>
            </param>
            <param index="1">
              <value>
                <![CDATA[patil]]>
              </value>
            </param>
            <param index="2">
              <value>
                <![CDATA[45,newcolony]]>
              </value>
            </param>
            <param index="3">
              <value>
                <![CDATA[shivajinagar]]>
              </value>
            </param>
            <param index="4">
              <value>
                <![CDATA[Kolhapur]]>
              </value>
            </param>
            <param index="5">
              <value>
                <![CDATA[India]]>
              </value>
            </param>
            <param index="6">
              <value>
                <![CDATA[ragini@gmail.com]]>
              </value>
            </param>
          </params>
          <reporter-output>
          </reporter-output>
        </test-method> <!-- RegistrationPageTest -->
        <test-method status="PASS" signature="tearDown()[pri:0, instance:com.qa.test.DataDrivenTests@51b279c9]" name="tearDown" is-config="true" duration-ms="2233" started-at="2022-04-13T23:32:55 IST" finished-at="2022-04-13T23:32:57 IST">
          <reporter-output>
          </reporter-output>
        </test-method> <!-- tearDown -->
        <test-method status="PASS" signature="setUp()[pri:0, instance:com.qa.test.DataDrivenTests@51b279c9]" name="setUp" is-config="true" duration-ms="18447" started-at="2022-04-13T23:32:57 IST" finished-at="2022-04-13T23:33:15 IST">
          <reporter-output>
          </reporter-output>
        </test-method> <!-- setUp -->
        <test-method status="PASS" signature="RegistrationPageTest(java.lang.String,java.lang.String,java.lang.String,java.lang.String,java.lang.String,java.lang.String,java.lang.String)[pri:0, instance:com.qa.test.DataDrivenTests@51b279c9]" name="RegistrationPageTest" duration-ms="6376" started-at="2022-04-13T23:33:15 IST" data-provider="gettingTestdata" finished-at="2022-04-13T23:33:22 IST">
          <params>
            <param index="0">
              <value>
                <![CDATA[peter]]>
              </value>
            </param>
            <param index="1">
              <value>
                <![CDATA[alex]]>
              </value>
            </param>
            <param index="2">
              <value>
                <![CDATA[10,newstreet]]>
              </value>
            </param>
            <param index="3">
              <value>
                <![CDATA[downstreet]]>
              </value>
            </param>
            <param index="4">
              <value>
                <![CDATA[Sunnywale]]>
              </value>
            </param>
            <param index="5">
              <value>
                <![CDATA[Belarus]]>
              </value>
            </param>
            <param index="6">
              <value>
                <![CDATA[peter@gmail.com]]>
              </value>
            </param>
          </params>
          <reporter-output>
          </reporter-output>
        </test-method> <!-- RegistrationPageTest -->
        <test-method status="PASS" signature="tearDown()[pri:0, instance:com.qa.test.DataDrivenTests@51b279c9]" name="tearDown" is-config="true" duration-ms="2772" started-at="2022-04-13T23:33:22 IST" finished-at="2022-04-13T23:33:24 IST">
          <reporter-output>
          </reporter-output>
        </test-method> <!-- tearDown -->
        <test-method status="PASS" signature="setUp()[pri:0, instance:com.qa.test.DataDrivenTests@51b279c9]" name="setUp" is-config="true" duration-ms="17771" started-at="2022-04-13T23:33:24 IST" finished-at="2022-04-13T23:33:42 IST">
          <reporter-output>
          </reporter-output>
        </test-method> <!-- setUp -->
        <test-method status="PASS" signature="RegistrationPageTest(java.lang.String,java.lang.String,java.lang.String,java.lang.String,java.lang.String,java.lang.String,java.lang.String)[pri:0, instance:com.qa.test.DataDrivenTests@51b279c9]" name="RegistrationPageTest" duration-ms="4220" started-at="2022-04-13T23:33:42 IST" data-provider="gettingTestdata" finished-at="2022-04-13T23:33:46 IST">
          <params>
            <param index="0">
              <value>
                <![CDATA[robin]]>
              </value>
            </param>
            <param index="1">
              <value>
                <![CDATA[ole]]>
              </value>
            </param>
            <param index="2">
              <value>
                <![CDATA[52,newmart]]>
              </value>
            </param>
            <param index="3">
              <value>
                <![CDATA[street4]]>
              </value>
            </param>
            <param index="4">
              <value>
                <![CDATA[lossangeles]]>
              </value>
            </param>
            <param index="5">
              <value>
                <![CDATA[Mexico]]>
              </value>
            </param>
            <param index="6">
              <value>
                <![CDATA[robin@gmail.com]]>
              </value>
            </param>
          </params>
          <reporter-output>
          </reporter-output>
        </test-method> <!-- RegistrationPageTest -->
        <test-method status="PASS" signature="tearDown()[pri:0, instance:com.qa.test.DataDrivenTests@51b279c9]" name="tearDown" is-config="true" duration-ms="1034" started-at="2022-04-13T23:33:46 IST" finished-at="2022-04-13T23:33:47 IST">
          <reporter-output>
          </reporter-output>
        </test-method> <!-- tearDown -->
        <test-method status="PASS" signature="setUp()[pri:0, instance:com.qa.test.DataDrivenTests@51b279c9]" name="setUp" is-config="true" duration-ms="15236" started-at="2022-04-13T23:33:47 IST" finished-at="2022-04-13T23:34:03 IST">
          <reporter-output>
          </reporter-output>
        </test-method> <!-- setUp -->
        <test-method status="PASS" signature="RegistrationPageTest(java.lang.String,java.lang.String,java.lang.String,java.lang.String,java.lang.String,java.lang.String,java.lang.String)[pri:0, instance:com.qa.test.DataDrivenTests@51b279c9]" name="RegistrationPageTest" duration-ms="4202" started-at="2022-04-13T23:34:03 IST" data-provider="gettingTestdata" finished-at="2022-04-13T23:34:07 IST">
          <params>
            <param index="0">
              <value>
                <![CDATA[Nitin]]>
              </value>
            </param>
            <param index="1">
              <value>
                <![CDATA[yadav]]>
              </value>
            </param>
            <param index="2">
              <value>
                <![CDATA[325,new road]]>
              </value>
            </param>
            <param index="3">
              <value>
                <![CDATA[chakan]]>
              </value>
            </param>
            <param index="4">
              <value>
                <![CDATA[pune]]>
              </value>
            </param>
            <param index="5">
              <value>
                <![CDATA[India]]>
              </value>
            </param>
            <param index="6">
              <value>
                <![CDATA[nitin@gmail.com]]>
              </value>
            </param>
          </params>
          <reporter-output>
          </reporter-output>
        </test-method> <!-- RegistrationPageTest -->
        <test-method status="PASS" signature="tearDown()[pri:0, instance:com.qa.test.DataDrivenTests@51b279c9]" name="tearDown" is-config="true" duration-ms="986" started-at="2022-04-13T23:34:07 IST" finished-at="2022-04-13T23:34:08 IST">
          <reporter-output>
          </reporter-output>
        </test-method> <!-- tearDown -->
      </class> <!-- com.qa.test.DataDrivenTests -->
      <class name="com.qa.test.ScreenShotTest">
        <test-method status="PASS" signature="Setup()[pri:0, instance:com.qa.test.ScreenShotTest@281e3708]" name="Setup" is-config="true" duration-ms="12959" started-at="2022-04-13T23:32:11 IST" finished-at="2022-04-13T23:32:24 IST">
          <reporter-output>
          </reporter-output>
        </test-method> <!-- Setup -->
        <test-method status="PASS" signature="getScreenshot()[pri:0, instance:com.qa.test.ScreenShotTest@281e3708]" name="getScreenshot" duration-ms="842" started-at="2022-04-13T23:32:24 IST" finished-at="2022-04-13T23:32:25 IST">
          <reporter-output>
          </reporter-output>
        </test-method> <!-- getScreenshot -->
      </class> <!-- com.qa.test.ScreenShotTest -->
      <class name="com.qa.test.StringDublicateTest">
        <test-method status="PASS" signature="stringOpeartion()[pri:0, instance:com.qa.test.StringDublicateTest@5e57643e]" name="stringOpeartion" duration-ms="8" started-at="2022-04-13T23:32:25 IST" finished-at="2022-04-13T23:32:25 IST">
          <reporter-output>
          </reporter-output>
        </test-method> <!-- stringOpeartion -->
      </class> <!-- com.qa.test.StringDublicateTest -->
      <class name="com.qa.test.StringReverse">
        <test-method status="PASS" signature="stringReverseTest()[pri:0, instance:com.qa.test.StringReverse@133e16fd]" name="stringReverseTest" duration-ms="5" started-at="2022-04-13T23:32:25 IST" finished-at="2022-04-13T23:32:25 IST">
          <reporter-output>
          </reporter-output>
        </test-method> <!-- stringReverseTest -->
      </class> <!-- com.qa.test.StringReverse -->
    </test> <!-- Free CRM App Test Cases -->
  </suite> <!-- FREE CRM Application Test Automation Test Suite -->
</testng-results>
